<?xml version="1.0" encoding="UTF-8"?>
<testng-results skipped="0" failed="0" ignored="0" total="1" passed="1">
  <reporter-output>
  </reporter-output>
  <suite name="Default suite" duration-ms="26834" started-at="2020-07-01T23:25:38 CAT" finished-at="2020-07-01T23:26:05 CAT">
    <groups>
    </groups>
    <test name="Default test" duration-ms="26834" started-at="2020-07-01T23:25:38 CAT" finished-at="2020-07-01T23:26:05 CAT">
      <class name="testing.MainTest">
        <test-method status="PASS" signature="OpenBrowser()[pri:0, instance:testing.MainTest@30b8a058]" name="OpenBrowser" is-config="true" duration-ms="19231" started-at="2020-07-01T23:25:38 CAT" finished-at="2020-07-01T23:25:57 CAT">
          <reporter-output>
          </reporter-output>
        </test-method> <!-- OpenBrowser -->
        <test-method status="PASS" signature="ValidateAddtoCart()[pri:0, instance:testing.MainTest@30b8a058]" name="ValidateAddtoCart" duration-ms="7546" started-at="2020-07-01T23:25:57 CAT" finished-at="2020-07-01T23:26:05 CAT">
          <reporter-output>
          </reporter-output>
        </test-method> <!-- ValidateAddtoCart -->
      </class> <!-- testing.MainTest -->
    </test> <!-- Default test -->
  </suite> <!-- Default suite -->
</testng-results>
