<?xml version="1.0" encoding="UTF-8"?>
<!-- Generated by org.testng.reporters.JUnitXMLReporter -->
<testsuite hostname="NTPC02446" ignored="0" name="TestClass" tests="3" failures="0" timestamp="2020-07-09T20:48:32 CAT" time="385.495" errors="0">
  <testcase name="Login" time="7.421" classname="Testing.TestClass"/>
  <testcase name="AddToCart" time="294.483" classname="Testing.TestClass"/>
  <testcase name="PaymentPage" time="9.927" classname="Testing.TestClass"/>
</testsuite> <!-- TestClass -->
